<?xml version="1.0" encoding="UTF-8"?>
<!-- Generated by org.testng.reporters.JUnitReportReporter -->
<testsuite hostname="paulakicatdeMBP" failures="0" tests="1" name="com.paulakisscat.testing.TmpXpath" time="4.007" errors="0" timestamp="27 Aug 2018 04:29:41 GMT">
  <testcase classname="com.paulakisscat.testing.TmpXpath" name="befor" time="4.007"/>
</testsuite> <!-- com.paulakisscat.testing.TmpXpath -->
